<?xml version="1.0" encoding="UTF-8"?>
<!-- Generated by org.testng.reporters.JUnitReportReporter -->
<testsuite hostname="WSA-HSF67Y2" failures="0" tests="1" name="runner.TC01_LoginPage1" time="12.499" errors="0" timestamp="11 Jan 2025 06:16:45 GMT" skipped="0">
  <testcase classname="runner.TC01_LoginPage1" name="runScenario" time="12.499"/>
</testsuite> <!-- runner.TC01_LoginPage1 -->
