<?xml version="1.0" encoding="UTF-8"?>
<!-- Generated by org.testng.reporters.JUnitReportReporter -->
<testsuite hostname="WSA-HSF67Y2" failures="0" tests="1" name="runner.TC01_LoginPage" time="0.000" errors="0" timestamp="11 Jan 2025 05:36:48 GMT" skipped="1">
  <testcase classname="runner.TC01_LoginPage" name="runScenario" time="0.000">
    <skipped/>
  </testcase> <!-- runScenario -->
</testsuite> <!-- runner.TC01_LoginPage -->
