<?xml version="1.0" encoding="UTF-8"?>
<!-- Generated by org.testng.reporters.JUnitReportReporter -->
<testsuite hostname="WSA-HSF67Y2" failures="0" tests="1" name="runner.TC01_LoginPage1" time="9.425" errors="0" timestamp="14 Jan 2025 11:06:10 GMT" skipped="0">
  <testcase classname="runner.TC01_LoginPage1" name="runScenario" time="9.425"/>
</testsuite> <!-- runner.TC01_LoginPage1 -->
